10
23
14
77
39
11
93
18
95
51
19
17
72
56
91
80
94
91
57
59
85
78
41
2
99
19
57
51
77
80
57
79
58
14
63
17
21
91
1
65
15
77
78
80
65
98
38
58
20
5
5
68
61
92
9
24
70
17
54
44
26
28
90
75
55
78
91
99
52
72
92
74
67
55
43
62
96
88
32
84
80
68
1
84
96
86
24
13
100
99
53
99
31
96
19
16
30
93
44
36
13
50
62
63
20
24
42
97
99
71
15
29
32
52
60
49
69
83
53
85
86
68
21
100
56
16
15
31
29
84
57
47
32
22
79
22
20
49
85
34
37
51
15
81
64
93
3
67
97
36
92
69
4
39
79
83
9
94
71
55
93
8
27
23
60
82
29
40
83
83
39
24
31
100
6
93
3
13
46
56
2
74
40
29
37
68
15
43
5
43
75
71
73
54
37
51
28
55
58
32
61
77
77
100
9
45
42
33
79
36
55
51
97
74
68
91
48
81
60
32
88
72
66
46
48
20
100
11
14
77
83
71
50
6
3
30
31
96
91
41
85
46
73
19
46
51
89
88
41
48
72
20
22
46
64
94
34
24
29
92
59
83
59
97
42
66
5
71
1
81
46
88
47
49
51
19
23
4
94
64
88
29
26
82
11
66
52
91
98
37
96
51
85
38
61
43
75
45
4
64
14
59
9
71
89
61
99
87
39
41
24
43
80
87
99
64
1
94
42
79
83
97
7
77
89
29
39
8
12
18
23
61
57
82
65
87
73
33
83
21
53
40
18
64
26
3
46
9
5
77
70
25
88
21
4
54
44
80
41
13
66
30
71
15
93
37
87
76
79
69
82
61
16
65
54
16
68
7
65
32
87
31
25
83
93
38
61
67
5
58
30
76
20
26
21
41
4
33
86
23
16
6
29
63
81
67
84
28
28
95
50
50
75
17
7
66
18
40
76
32
94
62
15
81
58
11
86
48
95
12
35
91
13
3
7
31
35
28
58
83
72
72
30
55
23
84
32
59
88
31
34
64
98
12
23
1
4
8
83
52
84
26
63
26
54
24
84
33
27
78
34
38
93
43
99
66
29
49
78
56
36
5
92
12
73
51
99
33
82
21
69
28
82
28
100
73
89
97
13
43
64
79
80
64
25
10
55
99
69
65
93
21
74
39
82
31
5
21
99
51
6
21
88
59
11
18
90
29
34
90
79
26
75
76
53
54
33
3
11
81
1
65
97
77
90
51
49
93
53
12
50
99
63
12
13
42
45
41
33
98
71
74
97
20
10
2
88
67
95
92
74
10
71
30
96
46
93
26
100
21
30
80
43
62
82
9
74
54
37
79
19
55
6
42
43
67
55
17
78
78
28
39
91
27
39
21
33
100
18
30
59
54
35
80
82
78
72
22
19
45
84
86
30
73
2
89
81
47
65
9
35
48
74
15
49
45
6
92
74
43
12
44
86
35
72
98
3
78
41
56
50
82
99
9
4
31
93
11
8
3
53
90
44
71
16
22
41
84
69
3
77
63
5
18
33
67
7
50
12
1
32
99
89
89
70
27
14
49
74
89
59
48
77
14
1
1
29
9
16
35
40
38
18
97
23
78
95
71
36
28
33
85
49
12
58
21
11
92
35
35
32
28
36
7
3
97
35
97
72
82
39
8
65
16
7
83
33
24
59
49
24
40
38
66
71
9
76
23
78
97
1
83
34
21
61
37
82
30
94
67
53
52
12
75
8
31
21
15
24
79
90
91
73
60
54
5
29
44
31
35
46
90
47
36
31
72
83
15
7
95
63
65
33
82
79
95
73
15
47
59
65
5
50
73
45
87
72
38
63
98
27
24
30
84
44
62
30
78
92
11
75
70
16
55
13
96
24
59
99
29
46
82
42
23
96
98
42
80
48
24
89
61
8
86
85
52
37
47
89
75
50
92
34
31
39
2
38
93
9
44
18
8
26
31
44
34
79
73
12
75
55
53
10
98
73
81
49
36
74
98
63
17
50
87
33
64
87
24
42
68
97
64
88
63
3
74
76
2
72
90
55
79
51
90
17
22
85
66
6
8
62
46
14
31
32
7
34
10
45
71
56
93
34
46
7
81
41
93
11
11
28
5
38
42
19
95
56
97
5
10
43
78
74
10
34
24
63
8
22
64
50
90
36
4
46
98
1
58
80
43
29
78
22
54
73
68
56
87
28
1
45
20
91
11
15
22
37
49
43
39
20
28
78
34
90
98
91
9
28
15
82
76
62
41
47
61
69
23
18
4
90
14
42
26
2
95
56
83
24
26
9
70
74
40
21
67
2
11
71
17
29
36
100
68
13
60
50
22
16
58
31
57
73
83
15
68
34
97
22
1
17
30
18
20
79
10
49
9
24
24
73
29
45
38
71
58
60
22
10
16
15
49
61
40
86
6
29
1
85
51
47
33
69
84
38
81
46
79
56
40
47
87
81
65
54
79
27
90
22
30
39
92
90
5
72
43
2
6
18
43
26
72
75
89
48
98
88
28
66
52
75
49
13
76
62
26
6
17
75
9
7
35
38
34
96
26
61
86
98
8
63
18
43
55
4
64
84
89
37
66
19
39
38
8
41
52
15
100
60
60
63
100
70
49
18
66
59
73
83
51
27
22
83
27
49
66
92
31
7
2
5
74
99
74
1
27
62
74
54
33
80
16
29
36
10
54
25
79
76
62
90
92
7
69
84
23
71
13
48
27
50
66
97
53
61
39
41
18
21
48
63
3
36
64
47
72
92
91
57
58
36
44
5
83
99
25
94
71
64
15
79
67
8
82
90
65
6
28
65
46
20
16
42
78
17
65
37
41
43
26
67
28
1
19
7
82
19
75
9
29
52
34
86
74
78
92
19
15
87
20
13
33
6
93
63
17
6
10
53
79
1
96
91
47
11
9
87
44
16
7
49
88
37
7
67
97
100
73
61
87
73
15
39
74
100
90
4
52
22
24
82
36
29
10
64
36
74
90
3
48
100
39
24
83
27
63
76
4
85
64
14
87
42
100
43
69
50
15
34
26
66
54
22
58
50
32
24
92
61
68
79
70
24
14
45
3
26
92
99
67
6
54
82
2
65
18
10
44
82
22
50
87
61
9
46
3
79
65
80
81
10
69
32
67
34
96
24
5
9
90
44
73
18
33
12
1
78
11
38
78
87
63
88
20
86
89
80
63
88
86
60
58
72
63
33
100
53
14
37
67
83
86
73
55
40
23
21
2
91
50
86
48
13
17
98
82
12
94
65
66
53
64
96
51
85
81
82
85
77
86
24
100
35
12
91
77
3
40
68
75
78
34
87
92
26
98
74
1
9
1
40
39
8
66
84
70
55
34
88
19
28
51
38
16
8
27
82
71
90
71
10
95
19
77
64
32
21
20
89
45
1
40
55
18
28
93
56
8
58
14
96
41
5
9
40
41
12
69
4
40
96
87
4
82
3
30
76
45
17
30
81
24
16
87
38
28
76
74
89
47
65
60
98
45
86
34
2
56
48
10
50
23
25
100
43
19
96
48
14
91
66
37
25
32
90
85
2
96
16
93
82
81
89
88
73
98
98
21
29
36
36
2
6
14
7
23
23
57
100
31
70
94
47
63
24
81
59
15
90
4
10
74
81
80
42
5
30
60
83
67
86
28
81
8
70
10
99
70
72
65
40
79
16
29
20
81
66
31
96
40
65
61
38
27
96
20
54
90
81
76
68
45
11
84
3
54
95
42
23
28
46
46
85
80
82
62
28
10
46
22
76
53
5
4
74
62
29
66
28
84
100
52
62
30
9
89
90
71
23
60
88
58
84
84
81
77
47
67
50
74
54
5
42
57
84
73
21
99
59
27
46
12
94
14
70
78
46
5
15
47
16
97
93
81
11
67
61
32
49
91
1
51
61
94
25
58
82
45
87
64
93
10
64
79
80
82
14
7
44
49
92
29
82
77
16
67
42
18
23
36
90
51
51
80
57
85
87
83
89
17
70
3
73
94
40
70
76
38
3
38
39
21
59
62
23
76
22
74
67
63
2
26
18
97
9
24
37
37
31
35
60
80
47
90
45
90
48
45
8
52
92
61
17
49
48
81
91
70
51
24
87
61
48
34
61
29
53
14
18
99
95
22
65
50
57
8
8
11
34
81
94
71
39
83
57
76
33
94
80
17
43
25
8
100
50
70
48
8
50
4
38
88
95
28
83
23
35
90
72
11
16
90
70
23
10
9
81
63
69
19
60
51
21
13
72
41
39
32
91
54
21
61
87
71
27
43
83
46
3
69
33
57
31
15
60
19
61
76
48
36
45
65
71
99
8
18
74
64
90
87
8
75
34
24
38
1
25
71
42
55
17
66
27
7
69
93
83
40
80
100
25
20
49
81
99
13
85
62
81
3
80
16
92
84
31
96
94
25
31
85
56
4
12
60
84
71
47
84
34
76
70
32
48
65
50
13
46
12
28
82
76
75
64
31
20
44
5
11
59
7
86
77
27
96
13
89
51
29
79
98
100
95
4
22
58
77
100
89
33
15
32
73
17
81
17
31
74
18
87
49
55
81
33
38
18
62
71
79
57
84
40
95
8
90
27
76
31
1
31
26
100
39
90
10
44
28
46
44
82
89
34
5
29
11
52
42
92
69
64
28
42
99
84
3
25
23
56
52
95
84
56
14
28
82
1
9
34
90
73
23
35
21
91
46
1
20
44
44
79
38
53
52
72
39
88
5
28
89
42
38
35
69
30
67
66
85
16
61
66
4
12
96
68
26
46
70
64
80
42
65
100
86
75
100
4
41
83
13
70
59
24
19
67
92
99
21
74
81
74
9
56
29
13
18
27
84
30
48
42
60
19
18
46
7
68
68
9
29
61
57
80
30
14
96
73
1
83
96
74
24
76
94
18
8
72
88
72
81
9
24
81
75
81
29
13
7
50
80
38
5
39
9
59
75
24
1
58
10
1
26
5
83
60
15
41
4
52
21
58
78
26
79
55
25
35
74
50
77
15
77
20
56
82
63
54
18
24
99
5
87
10
13
36
40
13
97
40
6
36
17
36
14
54
20
40
74
3
91
39
99
97
47
13
23
78
3
26
40
70
49
65
10
90
51
38
18
8
56
78
32
49
88
54
38
24
80
68
61
69
20
81
19
61
98
17
17
100
29
50
36
66
30
42
70
18
62
44
100
41
50
43
91
3
58
13
9
68
7
35
8
12
72
61
33
6
61
64
100
52
19
11
2
98
70
21
33
73
80
97
3
35
94
51
62
14
39
68
45
98
98
86
25
9
81
7
67
74
22
46
99
41
82
38
85
97
19
30
20
86
50
73
18
3
18
43
10
94
81
25
78
32
76
98
44
8
17
29
16
5
96
31
23
58
60
5
26
33
16
6
18
93
4
14
51
86
12
48
66
47
53
30
29
9
94
38
11
34
65
65
48
61
18
70
50
32
28
21
37
47
90
37
72
59
35
27
49
76
3
24
58
31
63
21
32
68
98
1
60
8
51
100
34
30
44
27
13
52
48
89
62
80
56
32
55
37
20
85
71
61
67
3
51
32
75
60
67
65
48
6
7
38
64
38
29
58
89
54
27
71
83
23
80
65
78
14
97
99
44
98
19
47
97
30
80
26
90
59
86
16
85
7
46
34
4
6
1
71
39
31
53
69
100
54
96
19
59
39
47
86
50
47
31
95
92
7
87
67
68
95
34
4
64
97
80
53
24
39
66
75
12
29
64
39
11
75
21
13
5
12
24
69
14
15
48
17
93
64
30
84
5
79
11
48
69
86
70
